********************************************************************************
PACKAGE-LOG: 2020-09-17 01:00:32
NOTICE: Do NOT post to public sites or forums 
********************************************************************************
VERSION:	0.5.34
WORDPRESS:	5.5.1
PHP INFO:	7.4.1 | SAPI: apache2handler
SERVER:		Apache/2.2.31 (Win32) DAV/2 mod_ssl/2.2.31 OpenSSL/1.0.2h mod_fcgid/2.3.9 mod_wsgi/3.4 Python/2.7.6 PHP/7.4.1 mod_perl/2.0.8 Perl/v5.16.3 
PHP TIME LIMIT: (0) no time limit imposed 
PHP MAX MEMORY: 5000M (128M default) 
MEMORY STACK: 2MB 

********************************************************************************
DATABASE:
********************************************************************************
BUILD MODE:   PHP(query limit - 500)
MYSQLTIMEOUT: 5000
MYSQLDUMP:    Not Supported 
TABLES: total:13 | filtered:0 | create:13 
FILTERED: [] 
SQL CREATED: 20200916_bikcraft_5f62b512544671207200917010002_database.sql 
file size:1377460 
SQL FILE SIZE: 1.31MB 
SQL FILE TIME: 2020-09-17 01:00:33 
SQL RUNTIME: 0.28 sec. 

******************************************************************************** 
ARCHIVE (ZIP): 
******************************************************************************** 
ARCHIVE DIR:  C:/Users/User/Desktop/sites/bikcraft 
ARCHIVE FILE: 20200916_bikcraft_5f62b512544671207200917010002_archive.zip 
FILTERS: *OFF* 
DIRS:  not set 
EXTS:  not set 
---------------------------------------- 
COMPRESSING 
SIZE:	63.98MB 
STATS:	Dirs 401 | Files 3,554 
SQL ADDED: 20200916_bikcraft_5f62b512544671207200917010002_database.sql 
ZipArchive Object
(
    [status] => 0
    [statusSys] => 0
    [numFiles] => 3955
    [filename] => C:\Users\User\Desktop\sites\bikcraft\wp-snapshots\tmp\20200916_bikcraft_5f62b512544671207200917010002_archive.zip
    [comment] => 
)
 
COMPRESSION RESULT: '1' 
COMPRESSED SIZE: 20.75MB 
ARCHIVE RUNTIME: 8.77 sec. 
MEMORY STACK: 4MB 

******************************************************************************** 
MAKE INSTALLER: 
******************************************************************************** 
Build Start 
Build Finished 
Preping for use 
Template parsed with new data 
Complete [C:/Users/User/Desktop/sites/bikcraft/wp-snapshots/tmp/20200916_bikcraft_5f62b512544671207200917010002_installer.php] 
Added to archive 

******************************************************************************** 
INTEGRITY CHECKS: 
******************************************************************************** 
SQL File: 1.31MB 
Installer File: 317.98KB 
Archive File: 20.75MB  

********************************************************************************
RECORD ID:[6]
TOTAL PROCESS RUNTIME: 9.60 sec.
PEAK PHP MEMORY USED: 6MB
DONE PROCESSING => 20200916_bikcraft 2020-09-17 01:00:42
 
